0 info it worked if it ends with ok
1 verbose cli [ '/usr/bin/node', '/usr/bin/npm', 'run', 'dist-win' ]
2 info using npm@3.10.10
3 info using node@v6.14.1
4 verbose run-script [ 'predist-win', 'dist-win', 'postdist-win' ]
5 info lifecycle solarbankerscoin@0.24.1~predist-win: solarbankerscoin@0.24.1
6 silly lifecycle solarbankerscoin@0.24.1~predist-win: no script for predist-win, continuing
7 info lifecycle solarbankerscoin@0.24.1~dist-win: solarbankerscoin@0.24.1
8 verbose lifecycle solarbankerscoin@0.24.1~dist-win: unsafe-perm in lifecycle true
9 verbose lifecycle solarbankerscoin@0.24.1~dist-win: PATH: /usr/lib/node_modules/npm/bin/node-gyp-bin:/root/go/src/SolarBankersCoin_24.0/electron/node_modules/.bin:/usr/local/sbin:/usr/local/bin:/usr/sbin:/usr/bin:/sbin:/bin:/usr/games:/usr/local/games
10 verbose lifecycle solarbankerscoin@0.24.1~dist-win: CWD: /root/go/src/SolarBankersCoin_24.0/electron
11 silly lifecycle solarbankerscoin@0.24.1~dist-win: Args: [ '-c', 'build -w --x64 --ia32 -p=never' ]
12 silly lifecycle solarbankerscoin@0.24.1~dist-win: Returned: code: 1  signal: null
13 info lifecycle solarbankerscoin@0.24.1~dist-win: Failed to exec dist-win script
14 verbose stack Error: solarbankerscoin@0.24.1 dist-win: `build -w --x64 --ia32 -p=never`
14 verbose stack Exit status 1
14 verbose stack     at EventEmitter.<anonymous> (/usr/lib/node_modules/npm/lib/utils/lifecycle.js:255:16)
14 verbose stack     at emitTwo (events.js:106:13)
14 verbose stack     at EventEmitter.emit (events.js:191:7)
14 verbose stack     at ChildProcess.<anonymous> (/usr/lib/node_modules/npm/lib/utils/spawn.js:40:14)
14 verbose stack     at emitTwo (events.js:106:13)
14 verbose stack     at ChildProcess.emit (events.js:191:7)
14 verbose stack     at maybeClose (internal/child_process.js:920:16)
14 verbose stack     at Process.ChildProcess._handle.onexit (internal/child_process.js:230:5)
15 verbose pkgid solarbankerscoin@0.24.1
16 verbose cwd /root/go/src/SolarBankersCoin_24.0/electron
17 error Linux 4.15.12-x86_64-linode105
18 error argv "/usr/bin/node" "/usr/bin/npm" "run" "dist-win"
19 error node v6.14.1
20 error npm  v3.10.10
21 error code ELIFECYCLE
22 error solarbankerscoin@0.24.1 dist-win: `build -w --x64 --ia32 -p=never`
22 error Exit status 1
23 error Failed at the solarbankerscoin@0.24.1 dist-win script 'build -w --x64 --ia32 -p=never'.
23 error Make sure you have the latest version of node.js and npm installed.
23 error If you do, this is most likely a problem with the solarbankerscoin package,
23 error not with npm itself.
23 error Tell the author that this fails on your system:
23 error     build -w --x64 --ia32 -p=never
23 error You can get information on how to open an issue for this project with:
23 error     npm bugs solarbankerscoin
23 error Or if that isn't available, you can get their info via:
23 error     npm owner ls solarbankerscoin
23 error There is likely additional logging output above.
24 verbose exit [ 1, true ]
